<?xml version="1.0" encoding="UTF-8"?>
<!-- Generated by org.testng.reporters.JUnitReportReporter -->
<testsuite hostname="DESKTOP-EMUI88M" failures="0" tests="1" name="com.training.sanity.tests.EditQuantity" time="22.207" errors="0" timestamp="06 Sep 2019 16:09:52 GMT" skipped="0">
  <testcase classname="com.training.sanity.tests.EditQuantity" name="validquantityedit" time="22.207"/>
</testsuite> <!-- com.training.sanity.tests.EditQuantity -->
