<?xml version="1.0" encoding="UTF-8"?>
<!-- Generated by org.testng.reporters.JUnitReportReporter -->
<testsuite hostname="DESKTOP-EMUI88M" failures="0" tests="1" name="com.training.sanity.tests.SendmailTest" time="11.533" errors="0" timestamp="09 Sep 2019 05:07:47 GMT" skipped="0">
  <testcase classname="com.training.sanity.tests.SendmailTest" name="Sendmail" time="11.533"/>
</testsuite> <!-- com.training.sanity.tests.SendmailTest -->
