<?xml version="1.0" encoding="UTF-8"?>
<!-- Generated by org.testng.reporters.JUnitReportReporter -->
<testsuite hostname="DESKTOP-EMUI88M" failures="0" tests="1" name="com.training.sanity.tests.Sendmail" time="25.752" errors="0" timestamp="04 Sep 2019 06:42:32 GMT" skipped="0">
  <testcase classname="com.training.sanity.tests.Sendmail" name="validLoginTest" time="25.752"/>
</testsuite> <!-- com.training.sanity.tests.Sendmail -->
